<?xml version="1.0" encoding="UTF-8"?>
<!-- Generated by org.testng.reporters.JUnitReportReporter -->
<testsuite skipped="0" hostname="INPUSCLP06233" name="Cart.Add_Product" tests="2" failures="0" timestamp="4 May 2019 15:17:34 GMT" time="54.675" errors="0">
  <testcase name="Select_Add_Product" time="43.666" classname="Cart.Add_Product"/>
  <testcase name="View_Cart" time="11.009" classname="Cart.Add_Product"/>
</testsuite> <!-- Cart.Add_Product -->
